This is pdfTeX, Version 3.141592653-2.6-1.40.24 (MiKTeX 22.3) (preloaded format=pdflatex 2022.5.17)  17 MAY 2022 17:20
entering extended mode
 restricted \write18 enabled.
 %&-line parsing enabled.
**./main.tex
(main.tex
LaTeX2e <2021-11-15> patch level 1
L3 programming layer <2022-02-24> (bioinfo.cls
Document Class: bioinfo 2003/02/08 0.1
(C:\Users\wancen\AppData\Local\Programs\MiKTeX\tex/latex/base\inputenc.sty
Package: inputenc 2021/02/14 v1.3d Input encoding file
\inpenc@prehook=\toks16
\inpenc@posthook=\toks17
)
(C:\Users\wancen\AppData\Local\Programs\MiKTeX\tex/latex/crop\crop.sty
Package: crop 2017/11/19 1.10 crop marks (mf)

(C:\Users\wancen\AppData\Local\Programs\MiKTeX\tex/generic/iftex\ifluatex.sty
Package: ifluatex 2019/10/25 v1.5 ifluatex legacy package. Use iftex instead.

(C:\Users\wancen\AppData\Local\Programs\MiKTeX\tex/generic/iftex\iftex.sty
Package: iftex 2022/02/03 v1.0f TeX engine tests
))
\stockwidth=\dimen138
\stockheight=\dimen139
\CROP@index=\count185

(C:\Users\wancen\AppData\Local\Programs\MiKTeX\tex/latex/graphics\color.sty
Package: color 2021/12/07 v1.3c Standard LaTeX Color (DPC)

(C:\Users\wancen\AppData\Local\Programs\MiKTeX\tex/latex/graphics-cfg\color.cfg
File: color.cfg 2016/01/02 v1.6 sample color configuration
)
Package color Info: Driver file: pdftex.def on input line 149.

(C:\Users\wancen\AppData\Local\Programs\MiKTeX\tex/latex/graphics-def\pdftex.de
f
File: pdftex.def 2020/10/05 v1.2a Graphics/color driver for pdftex
))
(C:\Users\wancen\AppData\Local\Programs\MiKTeX\tex/latex/graphics\graphics.sty
Package: graphics 2021/03/04 v1.4d Standard LaTeX Graphics (DPC,SPQR)

(C:\Users\wancen\AppData\Local\Programs\MiKTeX\tex/latex/graphics\trig.sty
Package: trig 2021/08/11 v1.11 sin cos tan (DPC)
)
(C:\Users\wancen\AppData\Local\Programs\MiKTeX\tex/latex/graphics-cfg\graphics.
cfg
File: graphics.cfg 2016/06/04 v1.11 sample graphics configuration
)
Package graphics Info: Driver file: pdftex.def on input line 107.
)
\CROP@offset=\count186
Package crop Info: Local config file crop.cfg used on input line 622.

(C:\Users\wancen\AppData\Local\Programs\MiKTeX\tex/xelatex/xetexconfig\crop.cfg
))
(C:\Users\wancen\AppData\Local\Programs\MiKTeX\tex/latex/graphics\graphicx.sty
Package: graphicx 2021/09/16 v1.2d Enhanced LaTeX Graphics (DPC,SPQR)

(C:\Users\wancen\AppData\Local\Programs\MiKTeX\tex/latex/graphics\keyval.sty
Package: keyval 2014/10/28 v1.15 key=value parser (DPC)
\KV@toks@=\toks18
)
\Gin@req@height=\dimen140
\Gin@req@width=\dimen141
)
(C:\Users\wancen\AppData\Local\Programs\MiKTeX\tex/latex/amsmath\amsmath.sty
Package: amsmath 2021/10/15 v2.17l AMS math features
\@mathmargin=\skip47

For additional information on amsmath, use the `?' option.
(C:\Users\wancen\AppData\Local\Programs\MiKTeX\tex/latex/amsmath\amstext.sty
Package: amstext 2021/08/26 v2.01 AMS text

(C:\Users\wancen\AppData\Local\Programs\MiKTeX\tex/latex/amsmath\amsgen.sty
File: amsgen.sty 1999/11/30 v2.0 generic functions
\@emptytoks=\toks19
\ex@=\dimen142
))
(C:\Users\wancen\AppData\Local\Programs\MiKTeX\tex/latex/amsmath\amsbsy.sty
Package: amsbsy 1999/11/29 v1.2d Bold Symbols
\pmbraise@=\dimen143
)
(C:\Users\wancen\AppData\Local\Programs\MiKTeX\tex/latex/amsmath\amsopn.sty
Package: amsopn 2021/08/26 v2.02 operator names
)
\inf@bad=\count187
LaTeX Info: Redefining \frac on input line 234.
\uproot@=\count188
\leftroot@=\count189
LaTeX Info: Redefining \overline on input line 399.
\classnum@=\count190
\DOTSCASE@=\count191
LaTeX Info: Redefining \ldots on input line 496.
LaTeX Info: Redefining \dots on input line 499.
LaTeX Info: Redefining \cdots on input line 620.
\Mathstrutbox@=\box50
\strutbox@=\box51
\big@size=\dimen144
LaTeX Font Info:    Redeclaring font encoding OML on input line 743.
LaTeX Font Info:    Redeclaring font encoding OMS on input line 744.
\macc@depth=\count192
\c@MaxMatrixCols=\count193
\dotsspace@=\muskip16
\c@parentequation=\count194
\dspbrk@lvl=\count195
\tag@help=\toks20
\row@=\count196
\column@=\count197
\maxfields@=\count198
\andhelp@=\toks21
\eqnshift@=\dimen145
\alignsep@=\dimen146
\tagshift@=\dimen147
\tagwidth@=\dimen148
\totwidth@=\dimen149
\lineht@=\dimen150
\@envbody=\toks22
\multlinegap=\skip48
\multlinetaggap=\skip49
\mathdisplay@stack=\toks23
LaTeX Info: Redefining \[ on input line 2938.
LaTeX Info: Redefining \] on input line 2939.
)
(C:\Users\wancen\AppData\Local\Programs\MiKTeX\tex/latex/tools\array.sty
Package: array 2021/10/04 v2.5f Tabular extension package (FMi)
\col@sep=\dimen151
\ar@mcellbox=\box52
\extrarowheight=\dimen152
\NC@list=\toks24
\extratabsurround=\skip50
\backup@length=\skip51
\ar@cellbox=\box53
)
(C:\Users\wancen\AppData\Local\Programs\MiKTeX\tex/latex/amsfonts\amssymb.sty
Package: amssymb 2013/01/14 v3.01 AMS font symbols

(C:\Users\wancen\AppData\Local\Programs\MiKTeX\tex/latex/amsfonts\amsfonts.sty
Package: amsfonts 2013/01/14 v3.01 Basic AMSFonts support
\symAMSa=\mathgroup4
\symAMSb=\mathgroup5
LaTeX Font Info:    Redeclaring math symbol \hbar on input line 98.
LaTeX Font Info:    Overwriting math alphabet `\mathfrak' in version `bold'
(Font)                  U/euf/m/n --> U/euf/b/n on input line 106.
)) (C:\Users\wancen\AppData\Local\Programs\MiKTeX\tex/latex/sttools\flushend.st
y
Package: flushend 2021/10/04 v4.0 Balancing columns in twocolumn mode
\flushend@@lastskip@a=\skip52
\flushend@@lastskip@b=\skip53
\flushend@@lastnode=\count199
\var@@loop@iter=\count266
\var@@temp@spread=\dimen153
\var@@temp@a=\dimen154
\var@@temp@loop=\dimen155
\flushend@@page@rule=\dimen156
\flushend@@varbox@lastpage=\box54
\flushend@@varbox@a=\box55
\flushend@@varbox@c=\box56
\flushend@@tempbox@a=\box57
\flushend@@tempbox@c=\box58
\flushend@@floatbox=\box59
\@viper=\box60
\hold@viper=\box61
\atColsBreak=\toks25
\atColsEnd=\toks26
\oldbreak@skip=\dimen157
) (C:\Users\wancen\AppData\Local\Programs\MiKTeX\tex/latex/sttools\stfloats.sty
Package: stfloats 2017/03/27 v3.3 Improve float mechanism and baselineskip sett
ings
\@dblbotnum=\count267
\c@dblbotnumber=\count268
) (C:\Users\wancen\AppData\Local\Programs\MiKTeX\tex/latex/amscls\amsthm.sty
Package: amsthm 2020/05/29 v2.20.6
\thm@style=\toks27
\thm@bodyfont=\toks28
\thm@headfont=\toks29
\thm@notefont=\toks30
\thm@headpunct=\toks31
\thm@preskip=\skip54
\thm@postskip=\skip55
\thm@headsep=\skip56
\dth@everypar=\toks32
)
(C:\Users\wancen\AppData\Local\Programs\MiKTeX\tex/latex/changepage\chngpage.st
y
Package: chngpage 2009/10/20 v1.2b change page layout
\c@cp@cnt=\count269
\c@cp@tempcnt=\count270
) (C:\Users\wancen\AppData\Local\Programs\MiKTeX\tex/latex/psnfss\times.sty
Package: times 2020/03/25 PSNFSS-v9.3 (SPQR) 
)
(C:\Users\wancen\AppData\Local\Programs\MiKTeX\tex/latex/base\fontenc.sty
Package: fontenc 2021/04/29 v2.0v Standard LaTeX package

(C:\Users\wancen\AppData\Local\Programs\MiKTeX\tex/latex/ly1\ly1enc.def
File: ly1enc.def 2009/07/22 v0.7 TeX 'n ANSI encoding (DPC/KB)
Now handling font encoding LY1 ...
... processing UTF-8 mapping file for font encoding LY1

(C:\Users\wancen\AppData\Local\Programs\MiKTeX\tex/latex/base\ly1enc.dfu
File: ly1enc.dfu 2021/06/21 v1.2n UTF-8 support
   defining Unicode char U+00A0 (decimal 160)
   defining Unicode char U+00A1 (decimal 161)
   defining Unicode char U+00A2 (decimal 162)
   defining Unicode char U+00A3 (decimal 163)
   defining Unicode char U+00A4 (decimal 164)
   defining Unicode char U+00A5 (decimal 165)
   defining Unicode char U+00A6 (decimal 166)
   defining Unicode char U+00A7 (decimal 167)
   defining Unicode char U+00AA (decimal 170)
   defining Unicode char U+00AB (decimal 171)
   defining Unicode char U+00AD (decimal 173)
   defining Unicode char U+00AE (decimal 174)
   defining Unicode char U+00B0 (decimal 176)
   defining Unicode char U+00B5 (decimal 181)
   defining Unicode char U+00B6 (decimal 182)
   defining Unicode char U+00B7 (decimal 183)
   defining Unicode char U+00BA (decimal 186)
   defining Unicode char U+00BB (decimal 187)
   defining Unicode char U+00BC (decimal 188)
   defining Unicode char U+00BD (decimal 189)
   defining Unicode char U+00BE (decimal 190)
   defining Unicode char U+00BF (decimal 191)
   defining Unicode char U+00C0 (decimal 192)
   defining Unicode char U+00C1 (decimal 193)
   defining Unicode char U+00C2 (decimal 194)
   defining Unicode char U+00C3 (decimal 195)
   defining Unicode char U+00C4 (decimal 196)
   defining Unicode char U+00C5 (decimal 197)
   defining Unicode char U+00C6 (decimal 198)
   defining Unicode char U+00C7 (decimal 199)
   defining Unicode char U+00C8 (decimal 200)
   defining Unicode char U+00C9 (decimal 201)
   defining Unicode char U+00CA (decimal 202)
   defining Unicode char U+00CB (decimal 203)
   defining Unicode char U+00CC (decimal 204)
   defining Unicode char U+00CD (decimal 205)
   defining Unicode char U+00CE (decimal 206)
   defining Unicode char U+00CF (decimal 207)
   defining Unicode char U+00D0 (decimal 208)
   defining Unicode char U+00D1 (decimal 209)
   defining Unicode char U+00D2 (decimal 210)
   defining Unicode char U+00D3 (decimal 211)
   defining Unicode char U+00D4 (decimal 212)
   defining Unicode char U+00D5 (decimal 213)
   defining Unicode char U+00D6 (decimal 214)
   defining Unicode char U+00D8 (decimal 216)
   defining Unicode char U+00D9 (decimal 217)
   defining Unicode char U+00DA (decimal 218)
   defining Unicode char U+00DB (decimal 219)
   defining Unicode char U+00DC (decimal 220)
   defining Unicode char U+00DD (decimal 221)
   defining Unicode char U+00DE (decimal 222)
   defining Unicode char U+00DF (decimal 223)
   defining Unicode char U+00E0 (decimal 224)
   defining Unicode char U+00E1 (decimal 225)
   defining Unicode char U+00E2 (decimal 226)
   defining Unicode char U+00E3 (decimal 227)
   defining Unicode char U+00E4 (decimal 228)
   defining Unicode char U+00E5 (decimal 229)
   defining Unicode char U+00E6 (decimal 230)
   defining Unicode char U+00E7 (decimal 231)
   defining Unicode char U+00E8 (decimal 232)
   defining Unicode char U+00E9 (decimal 233)
   defining Unicode char U+00EA (decimal 234)
   defining Unicode char U+00EB (decimal 235)
   defining Unicode char U+00EC (decimal 236)
   defining Unicode char U+00ED (decimal 237)
   defining Unicode char U+00EE (decimal 238)
   defining Unicode char U+00EF (decimal 239)
   defining Unicode char U+00F0 (decimal 240)
   defining Unicode char U+00F1 (decimal 241)
   defining Unicode char U+00F2 (decimal 242)
   defining Unicode char U+00F3 (decimal 243)
   defining Unicode char U+00F4 (decimal 244)
   defining Unicode char U+00F5 (decimal 245)
   defining Unicode char U+00F6 (decimal 246)
   defining Unicode char U+00F8 (decimal 248)
   defining Unicode char U+00F9 (decimal 249)
   defining Unicode char U+00FA (decimal 250)
   defining Unicode char U+00FB (decimal 251)
   defining Unicode char U+00FC (decimal 252)
   defining Unicode char U+00FD (decimal 253)
   defining Unicode char U+00FE (decimal 254)
   defining Unicode char U+00FF (decimal 255)
   defining Unicode char U+0131 (decimal 305)
   defining Unicode char U+0141 (decimal 321)
   defining Unicode char U+0142 (decimal 322)
   defining Unicode char U+0152 (decimal 338)
   defining Unicode char U+0153 (decimal 339)
   defining Unicode char U+0160 (decimal 352)
   defining Unicode char U+0161 (decimal 353)
   defining Unicode char U+0174 (decimal 372)
   defining Unicode char U+0175 (decimal 373)
   defining Unicode char U+0176 (decimal 374)
   defining Unicode char U+0177 (decimal 375)
   defining Unicode char U+0178 (decimal 376)
   defining Unicode char U+017D (decimal 381)
   defining Unicode char U+017E (decimal 382)
   defining Unicode char U+0192 (decimal 402)
   defining Unicode char U+0218 (decimal 536)
   defining Unicode char U+0219 (decimal 537)
   defining Unicode char U+021A (decimal 538)
   defining Unicode char U+021B (decimal 539)
   defining Unicode char U+0237 (decimal 567)
   defining Unicode char U+02C6 (decimal 710)
   defining Unicode char U+02DC (decimal 732)
   defining Unicode char U+2013 (decimal 8211)
   defining Unicode char U+2014 (decimal 8212)
   defining Unicode char U+201C (decimal 8220)
   defining Unicode char U+201D (decimal 8221)
   defining Unicode char U+2020 (decimal 8224)
   defining Unicode char U+2021 (decimal 8225)
   defining Unicode char U+2022 (decimal 8226)
   defining Unicode char U+2026 (decimal 8230)
   defining Unicode char U+2030 (decimal 8240)
   defining Unicode char U+2039 (decimal 8249)
   defining Unicode char U+203A (decimal 8250)
   defining Unicode char U+2122 (decimal 8482)
   defining Unicode char U+FB00 (decimal 64256)
   defining Unicode char U+FB01 (decimal 64257)
   defining Unicode char U+FB02 (decimal 64258)
   defining Unicode char U+FB03 (decimal 64259)
   defining Unicode char U+FB04 (decimal 64260)
   defining Unicode char U+FB05 (decimal 64261)
   defining Unicode char U+FB06 (decimal 64262)
))
LaTeX Font Info:    Trying to load font information for LY1+ptm on input line 1
12.

(C:\Users\wancen\AppData\Local\Programs\MiKTeX\tex/latex/ly1\ly1ptm.fd
File: ly1ptm.fd 2001/02/01 font definitions for LY1/ptm using Berry names.
))
\c@section=\count271
\c@subsection=\count272
\c@subsubsection=\count273
\c@paragraph=\count274
\c@subparagraph=\count275
\c@figure=\count276
\c@table=\count277
\dropfromtop=\skip57
\extraspace=\skip58
\aboveskipchk=\skip59
\abovecaptionskip=\skip60
\belowcaptionskip=\skip61
\rotdimen=\dimen158
\tempdime=\dimen159
\temptbox=\box62

(C:\Users\wancen\AppData\Local\Programs\MiKTeX\tex/latex/natbib\natbib.sty
Package: natbib 2010/09/13 8.31b (PWD, AO)
\bibhang=\skip62
\bibsep=\skip63
LaTeX Info: Redefining \cite on input line 694.
\c@NAT@ctr=\count278
))
(C:\Users\wancen\AppData\Local\Programs\MiKTeX\tex/latex/xcite\xcite.sty
Package: xcite 2020/01/21 v16383.99998 eXternal Citations (EG)

(C:\Users\wancen\AppData\Local\Programs\MiKTeX\tex/latex/tools\xr.sty
Package: xr 2020-05-10 v5.06 eXternal References (DPC)
))
(C:\Users\wancen\AppData\Local\Programs\MiKTeX\tex/latex/float\float.sty
Package: float 2001/11/08 v1.3d Float enhancements (AL)
\c@float@type=\count279
\float@exts=\toks33
\float@box=\box63
\@float@everytoks=\toks34
\@floatcapt=\box64
)
(C:\Users\wancen\AppData\Local\Programs\MiKTeX\tex/latex/threeparttable\threepa
rttable.sty
Package: threeparttable 2003/06/13  v 3.0
\@tempboxb=\box65
)
(C:\Users\wancen\AppData\Local\Programs\MiKTeX\tex/latex/algorithm2e\algorithm2
e.sty
Package: algorithm2e 2017/07/18 v5.2 algorithms environments
\c@AlgoLine=\count280
 (C:\Users\wancen\AppData\Local\Programs\MiKTeX\tex/latex/base\ifthen.sty
Package: ifthen 2020/11/24 v1.1c Standard LaTeX ifthen package (DPC)
)
\algocf@hangindent=\skip64

(C:\Users\wancen\AppData\Local\Programs\MiKTeX\tex/latex/ifoddpage\ifoddpage.st
y
Package: ifoddpage 2016/04/23 v1.1 Conditionals for odd/even page detection
\c@checkoddpage=\count281
LaTeX Info: Redefining \checkoddpage on input line 45.
) (C:\Users\wancen\AppData\Local\Programs\MiKTeX\tex/latex/tools\xspace.sty
Package: xspace 2014/10/28 v1.13 Space after command names (DPC,MH)
)
(C:\Users\wancen\AppData\Local\Programs\MiKTeX\tex/latex/relsize\relsize.sty
Package: relsize 2013/03/29 ver 4.1
)
\skiptotal=\skip65
\skiplinenumber=\skip66
\skiprule=\skip67
\skiphlne=\skip68
\skiptext=\skip69
\skiplength=\skip70
\algomargin=\skip71
\skipalgocfslide=\skip72
\algowidth=\dimen160
\inoutsize=\dimen161
\inoutindent=\dimen162
\interspacetitleruled=\dimen163
\interspacealgoruled=\dimen164
\interspacetitleboxruled=\dimen165
\algocf@ruledwidth=\skip73
\algocf@inoutbox=\box66
\algocf@inputbox=\box67
\AlCapSkip=\skip74
\AlCapHSkip=\skip75
\algoskipindent=\skip76
\algocf@nlbox=\box68
\algocf@hangingbox=\box69
\algocf@untilbox=\box70
\algocf@skipuntil=\skip77
\algocf@capbox=\box71
\algocf@lcaptionbox=\skip78
\algoheightruledefault=\skip79
\algoheightrule=\skip80
\algotitleheightruledefault=\skip81
\algotitleheightrule=\skip82
\c@algocfline=\count282
\c@algocfproc=\count283
\c@algocf=\count284
\algocf@algoframe=\box72
\algocf@algobox=\box73
)
Package xr Info: IMPORTING LABELS FROM ./supp.aux on input line 27.

(./supp.tex)
(./supp.aux)
(C:\Users\wancen\AppData\Local\Programs\MiKTeX\tex/latex/url\url.sty
\Urlmuskip=\muskip17
Package: url 2013/09/16  ver 3.4  Verb mode for urls, etc.
)
(C:\Users\wancen\AppData\Local\Programs\MiKTeX\tex/latex/cleveref\cleveref.sty
Package: cleveref 2018/03/27 v0.21.4 Intelligent cross-referencing
Package cleveref Info: `amsthm' support loaded on input line 3026.
Package cleveref Info: `algorithm2e' support loaded on input line 3147.
Package cleveref Info: always capitalise cross-reference names on input line 78
25.
Package cleveref Info: always capitalise cross-reference names on input line 78
52.
Package cleveref Info: no abbreviation of names on input line 7852.
) (C:\Users\wancen\AppData\Local\Programs\MiKTeX\tex/latex/tools\bm.sty
Package: bm 2021/04/25 v1.2e Bold Symbol Support (DPC/FMi)
\symboldoperators=\mathgroup6
\symboldletters=\mathgroup7
\symboldsymbols=\mathgroup8
Package bm Info: No bold for \OMX/cmex/m/n, using \pmb.
Package bm Info: No bold for \U/msa/m/n, using \pmb.
Package bm Info: No bold for \U/msb/m/n, using \pmb.
LaTeX Font Info:    Redeclaring math alphabet \mathbf on input line 149.
)
(C:\Users\wancen\AppData\Local\Programs\MiKTeX\tex/latex/bbm\bbm.sty
Package: bbm 1999/03/15 V 1.2 provides fonts for set symbols - TH
LaTeX Font Info:    Overwriting math alphabet `\mathbbm' in version `bold'
(Font)                  U/bbm/m/n --> U/bbm/bx/n on input line 33.
LaTeX Font Info:    Overwriting math alphabet `\mathbbmss' in version `bold'
(Font)                  U/bbmss/m/n --> U/bbmss/bx/n on input line 35.
)
(C:\Users\wancen\AppData\Local\Programs\MiKTeX\tex/latex/booktabs\booktabs.sty
Package: booktabs 2020/01/12 v1.61803398 Publication quality tables
\heavyrulewidth=\dimen166
\lightrulewidth=\dimen167
\cmidrulewidth=\dimen168
\belowrulesep=\dimen169
\belowbottomsep=\dimen170
\aboverulesep=\dimen171
\abovetopsep=\dimen172
\cmidrulesep=\dimen173
\cmidrulekern=\dimen174
\defaultaddspace=\dimen175
\@cmidla=\count285
\@cmidlb=\count286
\@aboverulesep=\dimen176
\@belowrulesep=\dimen177
\@thisruleclass=\count287
\@lastruleclass=\count288
\@thisrulewidth=\dimen178
) (C:\Users\wancen\AppData\Local\Programs\MiKTeX\tex/latex/preprint\authblk.sty
Package: authblk 2001/02/27 1.3 (PWD)
\affilsep=\skip83
\@affilsep=\skip84
\c@Maxaffil=\count289
\c@authors=\count290
\c@affil=\count291
) (C:\Users\wancen\AppData\Local\Programs\MiKTeX\tex/latex/listings\listings.st
y
\lst@mode=\count292
\lst@gtempboxa=\box74
\lst@token=\toks35
\lst@length=\count293
\lst@currlwidth=\dimen179
\lst@column=\count294
\lst@pos=\count295
\lst@lostspace=\dimen180
\lst@width=\dimen181
\lst@newlines=\count296
\lst@lineno=\count297
\lst@maxwidth=\dimen182
(C:\Users\wancen\AppData\Local\Programs\MiKTeX\tex/latex/listings\lstmisc.sty
File: lstmisc.sty 2020/03/24 1.8d (Carsten Heinz)
\c@lstnumber=\count298
\lst@skipnumbers=\count299
\lst@framebox=\box75
)
(C:\Users\wancen\AppData\Local\Programs\MiKTeX\tex/latex/listings\listings.cfg
File: listings.cfg 2020/03/24 1.8d listings configuration
))
Package: listings 2020/03/24 1.8d (Carsten Heinz)
 (C:\Users\wancen\AppData\Local\Programs\MiKTeX\tex/latex/xcolor\xcolor.sty
Package: xcolor 2021/10/31 v2.13 LaTeX color extensions (UK)

(C:\Users\wancen\AppData\Local\Programs\MiKTeX\tex/latex/graphics-cfg\color.cfg
File: color.cfg 2016/01/02 v1.6 sample color configuration
)
Package xcolor Info: Driver file: pdftex.def on input line 227.
LaTeX Info: Redefining \color on input line 711.
Package xcolor Info: Model `cmy' substituted by `cmy0' on input line 1352.
Package xcolor Info: Model `hsb' substituted by `rgb' on input line 1356.
Package xcolor Info: Model `RGB' extended on input line 1368.
Package xcolor Info: Model `HTML' substituted by `rgb' on input line 1370.
Package xcolor Info: Model `Hsb' substituted by `hsb' on input line 1371.
Package xcolor Info: Model `tHsb' substituted by `hsb' on input line 1372.
Package xcolor Info: Model `HSB' substituted by `hsb' on input line 1373.
Package xcolor Info: Model `Gray' substituted by `gray' on input line 1374.
Package xcolor Info: Model `wave' substituted by `hsb' on input line 1375.
)
(C:\Users\wancen\AppData\Local\Programs\MiKTeX\tex/latex/l3backend\l3backend-pd
ftex.def
File: l3backend-pdftex.def 2022-02-07 L3 backend support: PDF output (pdfTeX)
\l__color_backend_stack_int=\count300
\l__pdf_internal_box=\box76
) (main.aux

Package natbib Warning: Citation `bickel2010subsampling' multiply defined.


Package natbib Warning: Citation `gel2016regioner' multiply defined.


Package natbib Warning: Citation `GAT_2013' multiply defined.

)
\openout1 = `main.aux'.

LaTeX Font Info:    Checking defaults for OML/cmm/m/it on input line 51.
LaTeX Font Info:    ... okay on input line 51.
LaTeX Font Info:    Checking defaults for OMS/cmsy/m/n on input line 51.
LaTeX Font Info:    ... okay on input line 51.
LaTeX Font Info:    Checking defaults for OT1/cmr/m/n on input line 51.
LaTeX Font Info:    ... okay on input line 51.
LaTeX Font Info:    Checking defaults for T1/cmr/m/n on input line 51.
LaTeX Font Info:    ... okay on input line 51.
LaTeX Font Info:    Checking defaults for TS1/cmr/m/n on input line 51.
LaTeX Font Info:    ... okay on input line 51.
LaTeX Font Info:    Checking defaults for OMX/cmex/m/n on input line 51.
LaTeX Font Info:    ... okay on input line 51.
LaTeX Font Info:    Checking defaults for U/cmr/m/n on input line 51.
LaTeX Font Info:    ... okay on input line 51.
LaTeX Font Info:    Checking defaults for LY1/ptm/m/n on input line 51.
LaTeX Font Info:    ... okay on input line 51.

(C:\Users\wancen\AppData\Local\Programs\MiKTeX\tex/context/base/mkii\supp-pdf.m
kii
[Loading MPS to PDF converter (version 2006.09.02).]
\scratchcounter=\count301
\scratchdimen=\dimen183
\scratchbox=\box77
\nofMPsegments=\count302
\nofMParguments=\count303
\everyMPshowfont=\toks36
\MPscratchCnt=\count304
\MPscratchDim=\dimen184
\MPnumerator=\count305
\makeMPintoPDFobject=\count306
\everyMPtoPDFconversion=\toks37
)
(C:\Users\wancen\AppData\Local\Programs\MiKTeX\tex/latex/epstopdf-pkg\epstopdf-
base.sty
Package: epstopdf-base 2020-01-24 v2.11 Base part for package epstopdf
Package epstopdf-base Info: Redefining graphics rule for `.eps' on input line 4
85.

(C:\Users\wancen\AppData\Local\Programs\MiKTeX\tex/latex/00miktex\epstopdf-sys.
cfg
File: epstopdf-sys.cfg 2021/03/18 v2.0 Configuration of epstopdf for MiKTeX
))
Package crop Info: requested driver: `' on input line 51.
Package crop Info: detected driver: `pdftex' on input line 51.
Package crop Info: using `pdftex' graphics driver on input line 51.
\c@lstlisting=\count307
 (abstract.tex)
LaTeX Font Info:    Trying to load font information for LY1+phv on input line 8
1.

(C:\Users\wancen\AppData\Local\Programs\MiKTeX\tex/latex/ly1\ly1phv.fd
File: ly1phv.fd 2001/02/01 scalable font definitions for LY1/phv using Berry na
mes.


LaTeX Info: Font shape LY1/phv/mc/n has incorrect series value `mc'.
            It should not contain an `m'! Please correct it.
            Found on input line 36.


LaTeX Info: Font shape LY1/phv/mc/sl has incorrect series value `mc'.
            It should not contain an `m'! Please correct it.
            Found on input line 40.


LaTeX Info: Font shape LY1/phv/mc/sc has incorrect series value `mc'.
            It should not contain an `m'! Please correct it.
            Found on input line 66.


LaTeX Info: Font shape LY1/phv/mc/it has incorrect series value `mc'.
            It should not contain an `m'! Please correct it.
            Found on input line 73.

)
Package epstopdf Info: Source file: <OUP_First_SBk_Bot_8401.eps>
(epstopdf)                    date: 2022-05-17 19:39:46
(epstopdf)                    size: 407286 bytes
(epstopdf)             Output file: <OUP_First_SBk_Bot_8401-eps-converted-to.pd
f>
(epstopdf)                    date: 2022-05-17 19:39:46
(epstopdf)                    size: 9259 bytes
(epstopdf)             Command: <miktex-epstopdf --outfile=OUP_First_SBk_Bot_84
01-eps-converted-to.pdf OUP_First_SBk_Bot_8401.eps>
(epstopdf)             \includegraphics on input line 81.
Package epstopdf Info: Output file is already uptodate.
<OUP_First_SBk_Bot_8401-eps-converted-to.pdf, id=1, 54.2025pt x 54.2025pt>
File: OUP_First_SBk_Bot_8401-eps-converted-to.pdf Graphic file (type pdf)
<use OUP_First_SBk_Bot_8401-eps-converted-to.pdf>
Package pdftex.def Info: OUP_First_SBk_Bot_8401-eps-converted-to.pdf  used on i
nput line 81.
(pdftex.def)             Requested size: 54.20236pt x 54.20236pt.
LaTeX Font Info:    Trying to load font information for U+msa on input line 81.

 (C:\Users\wancen\AppData\Local\Programs\MiKTeX\tex/latex/amsfonts\umsa.fd
File: umsa.fd 2013/01/14 v3.01 AMS symbols A
)
LaTeX Font Info:    Trying to load font information for U+msb on input line 81.


(C:\Users\wancen\AppData\Local\Programs\MiKTeX\tex/latex/amsfonts\umsb.fd
File: umsb.fd 2013/01/14 v3.01 AMS symbols B
)

LaTeX Font Warning: Font shape `OT1/cmr/m/n' in size <6.5> not available
(Font)              size <6> substituted on input line 81.


LaTeX Font Warning: Font shape `OML/cmm/m/it' in size <6.5> not available
(Font)              size <6> substituted on input line 81.


LaTeX Font Warning: Font shape `OMS/cmsy/m/n' in size <6.5> not available
(Font)              size <6> substituted on input line 81.


LaTeX Font Warning: Font shape `OT1/cmr/bx/n' in size <6.5> not available
(Font)              size <6> substituted on input line 81.


LaTeX Font Warning: Font shape `OML/cmm/b/it' in size <6.5> not available
(Font)              size <6> substituted on input line 81.


LaTeX Font Warning: Font shape `OMS/cmsy/b/n' in size <6.5> not available
(Font)              size <6> substituted on input line 81.

LaTeX Font Info:    Calculating math sizes for size <8.5> on input line 81.

LaTeX Font Warning: Font shape `OT1/cmr/m/n' in size <8.5> not available
(Font)              size <8> substituted on input line 81.


LaTeX Font Warning: Font shape `OT1/cmr/m/n' in size <4.25> not available
(Font)              size <5> substituted on input line 81.


LaTeX Font Warning: Font shape `OML/cmm/m/it' in size <8.5> not available
(Font)              size <8> substituted on input line 81.


LaTeX Font Warning: Font shape `OML/cmm/m/it' in size <4.25> not available
(Font)              size <5> substituted on input line 81.


LaTeX Font Warning: Font shape `OMS/cmsy/m/n' in size <8.5> not available
(Font)              size <8> substituted on input line 81.


LaTeX Font Warning: Font shape `OMS/cmsy/m/n' in size <4.25> not available
(Font)              size <5> substituted on input line 81.


LaTeX Font Warning: Font shape `OT1/cmr/bx/n' in size <8.5> not available
(Font)              size <8> substituted on input line 81.


LaTeX Font Warning: Font shape `OT1/cmr/bx/n' in size <4.25> not available
(Font)              size <5> substituted on input line 81.


LaTeX Font Warning: Font shape `OML/cmm/b/it' in size <8.5> not available
(Font)              size <8> substituted on input line 81.


LaTeX Font Warning: Font shape `OML/cmm/b/it' in size <4.25> not available
(Font)              size <5> substituted on input line 81.


LaTeX Font Warning: Font shape `OMS/cmsy/b/n' in size <8.5> not available
(Font)              size <8> substituted on input line 81.


LaTeX Font Warning: Font shape `OMS/cmsy/b/n' in size <4.25> not available
(Font)              size <5> substituted on input line 81.

LaTeX Font Info:    Font shape `LY1/phv/m/it' in size <9> not available
(Font)              Font shape `LY1/phv/m/sl' tried instead on input line 81.
LaTeX Font Info:    Trying to load font information for LY1+pcr on input line 8
1.
(C:\Users\wancen\AppData\Local\Programs\MiKTeX\tex/latex/ly1\ly1pcr.fd
File: ly1pcr.fd 2001/02/01 font definitions for LY1/pcr using Berry names.
)
Underfull \hbox (badness 10000) in paragraph at lines 81--81

 []


Underfull \hbox (badness 10000) detected at line 81
[]
 []

(body.tex
Underfull \vbox (badness 10000) has occurred while \output is active []


Overfull \hbox (1.12001pt too wide) has occurred while \output is active
 []
 []

[1{C:/Users/wancen/AppData/Local/MiKTeX/fonts/map/pdftex/pdftex.map}



 <./OUP_First_SBk_Bot_8401-eps-converted-to.pdf>]
<Figures/bootRanges.jpg, id=21, 358.4592pt x 143.8173pt>
File: Figures/bootRanges.jpg Graphic file (type jpg)
<use Figures/bootRanges.jpg>
Package pdftex.def Info: Figures/bootRanges.jpg  used on input line 43.
(pdftex.def)             Requested size: 232.99571pt x 93.48013pt.
LaTeX Font Info:    Trying to load font information for LY1+phb on input line 4
9.
LaTeX Font Info:    No file LY1phb.fd. on input line 49.


LaTeX Font Warning: Font shape `LY1/phb/m/n' undefined
(Font)              using `LY1/ptm/m/n' instead on input line 49.


LaTeX Font Warning: Font shape `LY1/phb/m/it' undefined
(Font)              using `LY1/phb/m/n' instead on input line 49.

LaTeX Font Info:    Calculating math sizes for size <6.5> on input line 49.

LaTeX Font Warning: Font shape `OT1/cmr/m/n' in size <4.54997> not available
(Font)              size <5> substituted on input line 49.


LaTeX Font Warning: Font shape `OT1/cmr/m/n' in size <3.25> not available
(Font)              size <5> substituted on input line 49.


LaTeX Font Warning: Font shape `OML/cmm/m/it' in size <4.54997> not available
(Font)              size <5> substituted on input line 49.


LaTeX Font Warning: Font shape `OML/cmm/m/it' in size <3.25> not available
(Font)              size <5> substituted on input line 49.


LaTeX Font Warning: Font shape `OMS/cmsy/m/n' in size <4.54997> not available
(Font)              size <5> substituted on input line 49.


LaTeX Font Warning: Font shape `OMS/cmsy/m/n' in size <3.25> not available
(Font)              size <5> substituted on input line 49.


LaTeX Font Warning: Font shape `OT1/cmr/bx/n' in size <4.54997> not available
(Font)              size <5> substituted on input line 49.


LaTeX Font Warning: Font shape `OT1/cmr/bx/n' in size <3.25> not available
(Font)              size <5> substituted on input line 49.


LaTeX Font Warning: Font shape `OML/cmm/b/it' in size <4.54997> not available
(Font)              size <5> substituted on input line 49.


LaTeX Font Warning: Font shape `OML/cmm/b/it' in size <3.25> not available
(Font)              size <5> substituted on input line 49.


LaTeX Font Warning: Font shape `OMS/cmsy/b/n' in size <4.54997> not available
(Font)              size <5> substituted on input line 49.


LaTeX Font Warning: Font shape `OMS/cmsy/b/n' in size <3.25> not available
(Font)              size <5> substituted on input line 49.

<Figures/fig2.jpeg, id=22, 867.24pt x 650.43pt>
File: Figures/fig2.jpeg Graphic file (type jpg)
<use Figures/fig2.jpeg>
Package pdftex.def Info: Figures/fig2.jpeg  used on input line 72.
(pdftex.def)             Requested size: 216.80946pt x 162.6071pt.
) (main.bbl
Underfull \vbox (badness 10000) has occurred while \output is active []

LaTeX Font Info:    Font shape `LY1/phv/m/it' in size <8> not available
(Font)              Font shape `LY1/phv/m/sl' tried instead on input line 9.

Overfull \hbox (252.0pt too wide) has occurred while \output is active
[][] 
 []

[2 <./Figures/bootRanges.jpg> <./Figures/fig2.jpeg>])
[leftcolumn badness]: 1000000 on 18.0pt
[rightcolumn badness]: 1000000 on 18.0pt
[leftcolumn badness]: 1000000 on 18.0pt
[rightcolumn badness]: 1000000 on 18.0pt
[leftcolumn badness]: 1000000 on 18.0pt
[rightcolumn badness]: 1000000 on 18.0pt
[leftcolumn badness]: 1000000 on 18.0pt
[rightcolumn badness]: 1000000 on 18.0pt
[leftcolumn badness]: 1000000 on 18.0pt
[rightcolumn badness]: 1000000 on 18.0pt
[leftcolumn badness]: 1000000 on 18.0pt
[rightcolumn badness]: 1000000 on 18.0pt
[leftcolumn badness]: 1000000 on 18.0pt
[rightcolumn badness]: 1000000 on 18.0pt
[leftcolumn badness]: 1000000 on 18.0pt
[rightcolumn badness]: 1000000 on 18.0pt
[leftcolumn badness]: 1000000 on 18.0pt
[rightcolumn badness]: 1000000 on 18.0pt
[leftcolumn badness]: 1000000 on 18.0pt
[rightcolumn badness]: 1000000 on 18.0pt
[leftcolumn badness]: 1000000 on 18.0pt
[rightcolumn badness]: 1000000 on 18.0pt
[leftcolumn badness]: 1000000 on 18.0pt
[rightcolumn badness]: 1000000 on 18.0pt
[leftcolumn badness]: 1000000 on 18.0pt
[rightcolumn badness]: 1000000 on 18.0pt
- LAST -
Extra skip:26.0pt
Left:179.0pt/1.736pt
Right:153.0pt/1.736pt
Split: 179.5pt
Output:179.5pt
Pageshrink: 0.0pt
Pagestretch: 0.0pt
@colht:681.0pt
FLUSHEND [output]: 179.5pt
FLUSHEND [leftcolumn badness]: 10000
FUSHEND [rightcolumn badness]: 10000

Overfull \hbox (252.0pt too wide) has occurred while \output is active
[][] 
 []

[3]

Package natbib Warning: There were multiply defined citations.

(main.aux)

LaTeX Font Warning: Size substitutions with differences
(Font)              up to 1.75pt have occurred.


LaTeX Font Warning: Some font shapes were not available, defaults substituted.

 ) 
Here is how much of TeX's memory you used:
 9524 strings out of 478582
 158874 string characters out of 2843872
 464264 words of memory out of 3000000
 27527 multiletter control sequences out of 15000+600000
 523778 words of font info for 125 fonts, out of 8000000 for 9000
 1145 hyphenation exceptions out of 8191
 71i,10n,76p,1649b,426s stack positions out of 10000i,1000n,20000p,200000b,80000s
{C:/Users/wancen/AppData/Local/Programs/MiKTeX/fonts/enc/dvips/ly1/texnansi.e
nc}<C:/Users/wancen/AppData/Local/Programs/MiKTeX/fonts/type1/public/amsfonts/c
mextra/cmbsy9.pfb><C:/Users/wancen/AppData/Local/Programs/MiKTeX/fonts/type1/pu
blic/amsfonts/cmextra/cmex8.pfb><C:/Users/wancen/AppData/Local/Programs/MiKTeX/
fonts/type1/public/amsfonts/cm/cmmi5.pfb><C:/Users/wancen/AppData/Local/Program
s/MiKTeX/fonts/type1/public/amsfonts/cm/cmmi6.pfb><C:/Users/wancen/AppData/Loca
l/Programs/MiKTeX/fonts/type1/public/amsfonts/cm/cmmi8.pfb><C:/Users/wancen/App
Data/Local/Programs/MiKTeX/fonts/type1/public/amsfonts/cmextra/cmmib6.pfb><C:/U
sers/wancen/AppData/Local/Programs/MiKTeX/fonts/type1/public/amsfonts/cmextra/c
mmib8.pfb><C:/Users/wancen/AppData/Local/Programs/MiKTeX/fonts/type1/public/ams
fonts/cm/cmr5.pfb><C:/Users/wancen/AppData/Local/Programs/MiKTeX/fonts/type1/pu
blic/amsfonts/cm/cmr6.pfb><C:/Users/wancen/AppData/Local/Programs/MiKTeX/fonts/
type1/public/amsfonts/cm/cmr8.pfb><C:/Users/wancen/AppData/Local/Programs/MiKTe
X/fonts/type1/public/amsfonts/cm/cmsy6.pfb><C:/Users/wancen/AppData/Local/Progr
ams/MiKTeX/fonts/type1/public/amsfonts/cm/cmsy8.pfb><C:/Users/wancen/AppData/Lo
cal/Programs/MiKTeX/fonts/type1/public/amsfonts/latxfont/lcircle1.pfb><C:/Users
/wancen/AppData/Local/Programs/MiKTeX/fonts/type1/urw/courier/ucrr8a.pfb><C:/Us
ers/wancen/AppData/Local/Programs/MiKTeX/fonts/type1/urw/helvetic/uhvb8a.pfb><C
:/Users/wancen/AppData/Local/Programs/MiKTeX/fonts/type1/urw/helvetic/uhvr8a.pf
b><C:/Users/wancen/AppData/Local/Programs/MiKTeX/fonts/type1/urw/helvetic/uhvr8
ac.pfb><C:/Users/wancen/AppData/Local/Programs/MiKTeX/fonts/type1/urw/helvetic/
uhvro8a.pfb><C:/Users/wancen/AppData/Local/Programs/MiKTeX/fonts/type1/urw/helv
etic/uhvro8ac.pfb><C:/Users/wancen/AppData/Local/Programs/MiKTeX/fonts/type1/ur
w/times/utmb8a.pfb><C:/Users/wancen/AppData/Local/Programs/MiKTeX/fonts/type1/u
rw/times/utmr8a.pfb><C:/Users/wancen/AppData/Local/Programs/MiKTeX/fonts/type1/
urw/times/utmri8a.pfb>
Output written on main.pdf (3 pages, 1556614 bytes).
PDF statistics:
 130 PDF objects out of 1000 (max. 8388607)
 0 named destinations out of 1000 (max. 500000)
 16 words of extra memory for PDF output out of 10000 (max. 10000000)

